/opt/miniconda3/envs/cortexode/lib/python3.7/site-packages/torch_geometric/typing.py:31: UserWarning: An issue occurred while importing 'torch-scatter'. Disabling its usage. Stacktrace: /opt/miniconda3/envs/cortexode/lib/python3.7/site-packages/torch_scatter/_version_cpu.so: undefined symbol: _ZN3c106detail12infer_schema20make_function_schemaENS_8ArrayRefINS1_11ArgumentDefEEES4_
  warnings.warn(f"An issue occurred while importing 'torch-scatter'. "
/opt/miniconda3/envs/cortexode/lib/python3.7/site-packages/torch_geometric/typing.py:31: UserWarning: An issue occurred while importing 'torch-scatter'. Disabling its usage. Stacktrace: /opt/miniconda3/envs/cortexode/lib/python3.7/site-packages/torch_scatter/_version_cpu.so: undefined symbol: _ZN3c106detail12infer_schema20make_function_schemaENS_8ArrayRefINS1_11ArgumentDefEEES4_
  warnings.warn(f"An issue occurred while importing 'torch-scatter'. "
/opt/miniconda3/envs/cortexode/lib/python3.7/site-packages/torch_geometric/typing.py:42: UserWarning: An issue occurred while importing 'torch-sparse'. Disabling its usage. Stacktrace: /opt/miniconda3/envs/cortexode/lib/python3.7/site-packages/torch_scatter/_version_cpu.so: undefined symbol: _ZN3c106detail12infer_schema20make_function_schemaENS_8ArrayRefINS1_11ArgumentDefEEES4_
  warnings.warn(f"An issue occurred while importing 'torch-sparse'. "
/opt/miniconda3/envs/cortexode/lib/python3.7/site-packages/torch_geometric/typing.py:42: UserWarning: An issue occurred while importing 'torch-sparse'. Disabling its usage. Stacktrace: /opt/miniconda3/envs/cortexode/lib/python3.7/site-packages/torch_scatter/_version_cpu.so: undefined symbol: _ZN3c106detail12infer_schema20make_function_schemaENS_8ArrayRefINS1_11ArgumentDefEEES4_
  warnings.warn(f"An issue occurred while importing 'torch-sparse'. "
Traceback (most recent call last):
Traceback (most recent call last):
  File "train.py", line 11, in <module>
  File "train.py", line 11, in <module>
    from model.csrfusionnet import CSRFnet, SegUnet
  File "/cortexode/model/csrfusionnet.py", line 6, in <module>
    from model.csrfusionnet import CSRFnet, SegUnet
  File "/cortexode/model/csrfusionnet.py", line 6, in <module>
    from torch_geometric.utils import add_self_loops
  File "/opt/miniconda3/envs/cortexode/lib/python3.7/site-packages/torch_geometric/__init__.py", line 1, in <module>
    from torch_geometric.utils import add_self_loops
  File "/opt/miniconda3/envs/cortexode/lib/python3.7/site-packages/torch_geometric/__init__.py", line 1, in <module>
    import torch_geometric.utils
  File "/opt/miniconda3/envs/cortexode/lib/python3.7/site-packages/torch_geometric/utils/__init__.py", line 8, in <module>
    import torch_geometric.utils
  File "/opt/miniconda3/envs/cortexode/lib/python3.7/site-packages/torch_geometric/utils/__init__.py", line 8, in <module>
    from .dropout import dropout_adj, dropout_node, dropout_edge, dropout_path
  File "/opt/miniconda3/envs/cortexode/lib/python3.7/site-packages/torch_geometric/utils/dropout.py", line 6, in <module>
    from .dropout import dropout_adj, dropout_node, dropout_edge, dropout_path
  File "/opt/miniconda3/envs/cortexode/lib/python3.7/site-packages/torch_geometric/utils/dropout.py", line 6, in <module>
    import torch_cluster  # noqa
  File "/opt/miniconda3/envs/cortexode/lib/python3.7/site-packages/torch_cluster/__init__.py", line 45, in <module>
    import torch_cluster  # noqa
  File "/opt/miniconda3/envs/cortexode/lib/python3.7/site-packages/torch_cluster/__init__.py", line 45, in <module>
    from .rw import random_walk  # noqa
  File "/opt/miniconda3/envs/cortexode/lib/python3.7/site-packages/torch_cluster/rw.py", line 18, in <module>
    from .rw import random_walk  # noqa
  File "/opt/miniconda3/envs/cortexode/lib/python3.7/site-packages/torch_cluster/rw.py", line 18, in <module>
    ) -> Union[Tensor, Tuple[Tensor, Tensor]]:
  File "/opt/miniconda3/envs/cortexode/lib/python3.7/site-packages/torch/jit/_script.py", line 940, in script
    ) -> Union[Tensor, Tuple[Tensor, Tensor]]:
  File "/opt/miniconda3/envs/cortexode/lib/python3.7/site-packages/torch/jit/_script.py", line 940, in script
    qualified_name, ast, _rcb, get_default_args(obj)
RuntimeError: 
Unknown type constructor Union:
  File "/opt/miniconda3/envs/cortexode/lib/python3.7/site-packages/torch_cluster/rw.py", line 18
    num_nodes: Optional[int] = None,
    return_edge_indices: bool = False,
) -> Union[Tensor, Tuple[Tensor, Tensor]]:
     ~~~~~~~~~~~~~~~~~~~~~~~~~~~~~~~~~~~~ <--- HERE
    """Samples random walks of length :obj:`walk_length` from all node indices
    in :obj:`start` in the graph given by :obj:`(row, col)` as described in the

    qualified_name, ast, _rcb, get_default_args(obj)
RuntimeError: 
Unknown type constructor Union:
  File "/opt/miniconda3/envs/cortexode/lib/python3.7/site-packages/torch_cluster/rw.py", line 18
    num_nodes: Optional[int] = None,
    return_edge_indices: bool = False,
) -> Union[Tensor, Tuple[Tensor, Tensor]]:
     ~~~~~~~~~~~~~~~~~~~~~~~~~~~~~~~~~~~~ <--- HERE
    """Samples random walks of length :obj:`walk_length` from all node indices
    in :obj:`start` in the graph given by :obj:`(row, col)` as described in the

