NLayerGATNLayerGAT 2 
2
No model file provided or file does not exist. Starting from scratch.
start epoch 0
No model file provided or file does not exist. Starting from scratch.
start epoch 0
dx shape torch.Size([129935, 3])
dx shape torch.Size([129935, 3])
dx shape torch.Size([129935, 3])
dx shape torch.Size([129935, 3])
dx shape torch.Size([129935, 3])
dx shape torch.Size([129935, 3])
dx shape torch.Size([129935, 3])
dx shape torch.Size([129935, 3])
dx shape torch.Size([129935, 3])
dx shape torch.Size([129935, 3])
dx shape torch.Size([129935, 3])
dx shape torch.Size([129935, 3])
dx shape torch.Size([129935, 3])
dx shape torch.Size([129935, 3])
dx shape torch.Size([129935, 3])
dx shape torch.Size([129935, 3])
dx shape torch.Size([129935, 3])
dx shape torch.Size([129935, 3])
dx shape torch.Size([129935, 3])
dx shape torch.Size([129935, 3])
dx shape torch.Size([129935, 3])
dx shape torch.Size([129935, 3])
dx shape torch.Size([129935, 3])
dx shape torch.Size([129935, 3])
dx shape torch.Size([129935, 3])
dx shape torch.Size([129935, 3])
dx shape torch.Size([129935, 3])
dx shape torch.Size([129935, 3])
dx shape torch.Size([129935, 3])
dx shape torch.Size([129935, 3])
dx shape torch.Size([129935, 3])
dx shape torch.Size([129935, 3])
dx shape torch.Size([129935, 3])
dx shape torch.Size([129935, 3])
dx shape torch.Size([129935, 3])
dx shape torch.Size([129935, 3])
dx shape torch.Size([129935, 3])
dx shape torch.Size([129935, 3])
dx shape torch.Size([129935, 3])
dx shape torch.Size([129935, 3])
dx shape torch.Size([129935, 3])
dx shape torch.Size([133460, 3])
dx shape torch.Size([133460, 3])
dx shape torch.Size([133460, 3])
dx shape torch.Size([133460, 3])
dx shape torch.Size([133460, 3])
dx shape torch.Size([133460, 3])
dx shape torch.Size([133460, 3])
dx shape torch.Size([133460, 3])
dx shape torch.Size([133460, 3])
dx shape torch.Size([133460, 3])
dx shape torch.Size([133460, 3])
dx shape torch.Size([133460, 3])
dx shape torch.Size([133460, 3])
dx shape torch.Size([133460, 3])
dx shape torch.Size([133460, 3])
dx shape torch.Size([133460, 3])
dx shape torch.Size([133460, 3])
dx shape torch.Size([133460, 3])
dx shape torch.Size([133460, 3])
dx shape torch.Size([133460, 3])
dx shape torch.Size([133460, 3])
dx shape torch.Size([133460, 3])
dx shape torch.Size([133460, 3])
dx shape torch.Size([133460, 3])
dx shape torch.Size([133460, 3])
dx shape torch.Size([133460, 3])
dx shape torch.Size([133460, 3])
dx shape torch.Size([133460, 3])
dx shape torch.Size([133460, 3])
dx shape torch.Size([133460, 3])
dx shape torch.Size([133460, 3])
dx shape torch.Size([133460, 3])
dx shape torch.Size([133460, 3])
dx shape torch.Size([133460, 3])
dx shape torch.Size([133460, 3])
dx shape torch.Size([133460, 3])
dx shape torch.Size([133460, 3])
dx shape torch.Size([133460, 3])
dx shape torch.Size([133460, 3])
dx shape torch.Size([133460, 3])
dx shape torch.Size([133460, 3])
